<?xml version="1.0" encoding="UTF-8"?>
<!-- Generated by org.testng.reporters.JUnitXMLReporter -->
<testsuite ignored="0" hostname="DESKTOP-M7DU299" failures="0" tests="1" name="Test(failed)" time="0.125" errors="0" timestamp="2022-09-20T11:31:03 IST">
  <testcase classname="textNG_Project_5_Screenshot.TestClass_1" name="@BeforeTest launchBrowser" time="-1.663653663645E9">
    <failure type="org.testng.TestNGException" message="
Parameter &amp;apos;browser&amp;apos; is required by BeforeTest on method launchBrowser but has not been marked @Optional or defined
in C:\Users\Akash\eclipse-workspace\Q_Maven\test-output\testng-failed.xml">
      <![CDATA[org.testng.TestNGException: 
Parameter 'browser' is required by BeforeTest on method launchBrowser but has not been marked @Optional or defined
in C:\Users\Akash\eclipse-workspace\Q_Maven\test-output\testng-failed.xml
... Removed 21 stack frames]]>
    </failure>
  </testcase> <!-- @BeforeTest launchBrowser -->
  <testcase classname="textNG_Project_5_Screenshot.TestClass_1" name="@BeforeClass beforeClass" time="-1.663653663697E9">
    <skipped/>
  </testcase> <!-- @BeforeClass beforeClass -->
  <testcase classname="textNG_Project_5_Screenshot.TestClass_1" name="@BeforeMethod beforeMethod" time="-1.663653663729E9">
    <skipped/>
  </testcase> <!-- @BeforeMethod beforeMethod -->
  <testcase classname="textNG_Project_5_Screenshot.TestClass_1" name="@AfterClass cleanPOMObject" time="-1.663653663743E9">
    <skipped/>
  </testcase> <!-- @AfterClass cleanPOMObject -->
  <testcase classname="textNG_Project_5_Screenshot.TestClass_1" name="@AfterTest closes" time="-1.663653663752E9">
    <skipped/>
  </testcase> <!-- @AfterTest closes -->
  <testcase classname="textNG_Project_5_Screenshot.TestClass_1" name="testLoginButton" time="0.001">
    <skipped/>
  </testcase> <!-- testLoginButton -->
</testsuite> <!-- Test(failed) -->
