<?xml version="1.0" encoding="UTF-8"?>
<testng-results ignored="0" total="6" passed="4" failed="0" skipped="2">
  <reporter-output>
  </reporter-output>
  <suite started-at="2022-09-24T23:07:13 IST" name="Suite" finished-at="2022-09-24T23:08:03 IST" duration-ms="49991">
    <groups>
    </groups>
    <test started-at="2022-09-24T23:07:13 IST" name="2_Test" finished-at="2022-09-24T23:07:45 IST" duration-ms="31751">
      <class name="textNG_Project_5_Screenshot.TestClass_2">
        <test-method is-config="true" signature="launchBrowser(java.lang.String)[pri:0, instance:textNG_Project_5_Screenshot.TestClass_2@1bd4fdd]" started-at="2022-09-24T23:07:28 IST" name="launchBrowser" finished-at="2022-09-24T23:07:40 IST" duration-ms="12266" status="PASS">
          <params>
            <param index="0">
              <value>
                <![CDATA[Edge]]>
              </value>
            </param>
          </params>
          <reporter-output>
          </reporter-output>
        </test-method> <!-- launchBrowser -->
        <test-method is-config="true" signature="beforeClass()[pri:0, instance:textNG_Project_5_Screenshot.TestClass_2@1bd4fdd]" started-at="2022-09-24T23:07:42 IST" name="beforeClass" finished-at="2022-09-24T23:07:42 IST" duration-ms="1" status="PASS">
          <reporter-output>
          </reporter-output>
        </test-method> <!-- beforeClass -->
        <test-method is-config="true" signature="beforeMethod()[pri:0, instance:textNG_Project_5_Screenshot.TestClass_2@1bd4fdd]" started-at="2022-09-24T23:07:42 IST" name="beforeMethod" finished-at="2022-09-24T23:07:44 IST" duration-ms="1655" status="PASS">
          <reporter-output>
          </reporter-output>
        </test-method> <!-- beforeMethod -->
        <test-method signature="checkAddToCart()[pri:0, instance:textNG_Project_5_Screenshot.TestClass_2@1bd4fdd]" started-at="2022-09-24T23:07:44 IST" name="checkAddToCart" finished-at="2022-09-24T23:07:44 IST" duration-ms="23" status="PASS">
          <reporter-output>
          </reporter-output>
        </test-method> <!-- checkAddToCart -->
        <test-method is-config="true" signature="tearDown(org.testng.ITestResult)[pri:0, instance:textNG_Project_5_Screenshot.TestClass_2@1bd4fdd]" started-at="2022-09-24T23:07:44 IST" name="tearDown" finished-at="2022-09-24T23:07:44 IST" duration-ms="247" status="PASS">
          <params>
            <param index="0">
              <value>
                <![CDATA[[TestResult name=checkAddToCart status=SUCCESS method=TestClass_2.checkAddToCart()[pri:0, instance:textNG_Project_5_Screenshot.TestClass_2@1bd4fdd] output={null}]]]>
              </value>
            </param>
          </params>
          <reporter-output>
          </reporter-output>
        </test-method> <!-- tearDown -->
        <test-method is-config="true" signature="cleanPOMObject()[pri:0, instance:textNG_Project_5_Screenshot.TestClass_2@1bd4fdd]" started-at="2022-09-24T23:07:44 IST" name="cleanPOMObject" finished-at="2022-09-24T23:07:44 IST" duration-ms="1" status="PASS">
          <reporter-output>
          </reporter-output>
        </test-method> <!-- cleanPOMObject -->
        <test-method is-config="true" signature="closes()[pri:0, instance:textNG_Project_5_Screenshot.TestClass_2@1bd4fdd]" started-at="2022-09-24T23:07:45 IST" name="closes" finished-at="2022-09-24T23:07:45 IST" duration-ms="376" status="PASS">
          <reporter-output>
          </reporter-output>
        </test-method> <!-- closes -->
      </class> <!-- textNG_Project_5_Screenshot.TestClass_2 -->
      <class name="textNG_Project_5_Screenshot.TestClass_1">
        <test-method is-config="true" signature="launchBrowser(java.lang.String)[pri:0, instance:textNG_Project_5_Screenshot.TestClass_1@35e2d654]" started-at="2022-09-24T23:07:13 IST" name="launchBrowser" finished-at="2022-09-24T23:07:28 IST" duration-ms="14393" status="PASS">
          <params>
            <param index="0">
              <value>
                <![CDATA[Edge]]>
              </value>
            </param>
          </params>
          <reporter-output>
          </reporter-output>
        </test-method> <!-- launchBrowser -->
        <test-method is-config="true" signature="beforeClass()[pri:0, instance:textNG_Project_5_Screenshot.TestClass_1@35e2d654]" started-at="2022-09-24T23:07:40 IST" name="beforeClass" finished-at="2022-09-24T23:07:40 IST" duration-ms="0" status="PASS">
          <reporter-output>
          </reporter-output>
        </test-method> <!-- beforeClass -->
        <test-method is-config="true" signature="beforeMethod()[pri:0, instance:textNG_Project_5_Screenshot.TestClass_1@35e2d654]" started-at="2022-09-24T23:07:40 IST" name="beforeMethod" finished-at="2022-09-24T23:07:42 IST" duration-ms="1858" status="PASS">
          <reporter-output>
          </reporter-output>
        </test-method> <!-- beforeMethod -->
        <test-method signature="testLoginButton()[pri:0, instance:textNG_Project_5_Screenshot.TestClass_1@35e2d654]" started-at="2022-09-24T23:07:42 IST" name="testLoginButton" finished-at="2022-09-24T23:07:42 IST" duration-ms="66" status="PASS">
          <reporter-output>
          </reporter-output>
        </test-method> <!-- testLoginButton -->
        <test-method is-config="true" signature="tearDown(org.testng.ITestResult)[pri:0, instance:textNG_Project_5_Screenshot.TestClass_1@35e2d654]" started-at="2022-09-24T23:07:42 IST" name="tearDown" finished-at="2022-09-24T23:07:42 IST" duration-ms="625" status="PASS">
          <params>
            <param index="0">
              <value>
                <![CDATA[[TestResult name=testLoginButton status=SUCCESS method=TestClass_1.testLoginButton()[pri:0, instance:textNG_Project_5_Screenshot.TestClass_1@35e2d654] output={null}]]]>
              </value>
            </param>
          </params>
          <reporter-output>
          </reporter-output>
        </test-method> <!-- tearDown -->
        <test-method is-config="true" signature="cleanPOMObject()[pri:0, instance:textNG_Project_5_Screenshot.TestClass_1@35e2d654]" started-at="2022-09-24T23:07:42 IST" name="cleanPOMObject" finished-at="2022-09-24T23:07:42 IST" duration-ms="0" status="PASS">
          <reporter-output>
          </reporter-output>
        </test-method> <!-- cleanPOMObject -->
        <test-method is-config="true" signature="closes()[pri:0, instance:textNG_Project_5_Screenshot.TestClass_1@35e2d654]" started-at="2022-09-24T23:07:44 IST" name="closes" finished-at="2022-09-24T23:07:45 IST" duration-ms="220" status="PASS">
          <reporter-output>
          </reporter-output>
        </test-method> <!-- closes -->
      </class> <!-- textNG_Project_5_Screenshot.TestClass_1 -->
    </test> <!-- 2_Test -->
    <test started-at="2022-09-24T23:07:13 IST" name="Test" finished-at="2022-09-24T23:07:48 IST" duration-ms="34796">
      <class name="textNG_Project_5_Screenshot.TestClass_2">
        <test-method is-config="true" signature="launchBrowser(java.lang.String)[pri:0, instance:textNG_Project_5_Screenshot.TestClass_2@7b9a4292]" started-at="2022-09-24T23:07:23 IST" name="launchBrowser" finished-at="2022-09-24T23:07:37 IST" duration-ms="14238" status="PASS">
          <params>
            <param index="0">
              <value>
                <![CDATA[Chrome]]>
              </value>
            </param>
          </params>
          <reporter-output>
          </reporter-output>
        </test-method> <!-- launchBrowser -->
        <test-method is-config="true" signature="beforeClass()[pri:0, instance:textNG_Project_5_Screenshot.TestClass_2@7b9a4292]" started-at="2022-09-24T23:07:40 IST" name="beforeClass" finished-at="2022-09-24T23:07:40 IST" duration-ms="6" status="PASS">
          <reporter-output>
          </reporter-output>
        </test-method> <!-- beforeClass -->
        <test-method is-config="true" signature="beforeMethod()[pri:0, instance:textNG_Project_5_Screenshot.TestClass_2@7b9a4292]" started-at="2022-09-24T23:07:40 IST" name="beforeMethod" finished-at="2022-09-24T23:07:42 IST" duration-ms="2093" status="PASS">
          <reporter-output>
          </reporter-output>
        </test-method> <!-- beforeMethod -->
        <test-method signature="checkAddToCart()[pri:0, instance:textNG_Project_5_Screenshot.TestClass_2@7b9a4292]" started-at="2022-09-24T23:07:42 IST" name="checkAddToCart" finished-at="2022-09-24T23:07:42 IST" duration-ms="24" status="PASS">
          <reporter-output>
          </reporter-output>
        </test-method> <!-- checkAddToCart -->
        <test-method is-config="true" signature="tearDown(org.testng.ITestResult)[pri:0, instance:textNG_Project_5_Screenshot.TestClass_2@7b9a4292]" started-at="2022-09-24T23:07:42 IST" name="tearDown" finished-at="2022-09-24T23:07:42 IST" duration-ms="381" status="PASS">
          <params>
            <param index="0">
              <value>
                <![CDATA[[TestResult name=checkAddToCart status=SUCCESS method=TestClass_2.checkAddToCart()[pri:0, instance:textNG_Project_5_Screenshot.TestClass_2@7b9a4292] output={null}]]]>
              </value>
            </param>
          </params>
          <reporter-output>
          </reporter-output>
        </test-method> <!-- tearDown -->
        <test-method is-config="true" signature="cleanPOMObject()[pri:0, instance:textNG_Project_5_Screenshot.TestClass_2@7b9a4292]" started-at="2022-09-24T23:07:42 IST" name="cleanPOMObject" finished-at="2022-09-24T23:07:42 IST" duration-ms="1" status="PASS">
          <reporter-output>
          </reporter-output>
        </test-method> <!-- cleanPOMObject -->
        <test-method is-config="true" signature="closes()[pri:0, instance:textNG_Project_5_Screenshot.TestClass_2@7b9a4292]" started-at="2022-09-24T23:07:43 IST" name="closes" finished-at="2022-09-24T23:07:48 IST" duration-ms="4628" status="PASS">
          <reporter-output>
          </reporter-output>
        </test-method> <!-- closes -->
      </class> <!-- textNG_Project_5_Screenshot.TestClass_2 -->
      <class name="textNG_Project_5_Screenshot.TestClass_1">
        <test-method is-config="true" signature="launchBrowser(java.lang.String)[pri:0, instance:textNG_Project_5_Screenshot.TestClass_1@1fa268de]" started-at="2022-09-24T23:07:13 IST" name="launchBrowser" finished-at="2022-09-24T23:07:23 IST" duration-ms="9619" status="PASS">
          <params>
            <param index="0">
              <value>
                <![CDATA[Chrome]]>
              </value>
            </param>
          </params>
          <reporter-output>
          </reporter-output>
        </test-method> <!-- launchBrowser -->
        <test-method is-config="true" signature="beforeClass()[pri:0, instance:textNG_Project_5_Screenshot.TestClass_1@1fa268de]" started-at="2022-09-24T23:07:37 IST" name="beforeClass" finished-at="2022-09-24T23:07:37 IST" duration-ms="76" status="PASS">
          <reporter-output>
          </reporter-output>
        </test-method> <!-- beforeClass -->
        <test-method is-config="true" signature="beforeMethod()[pri:0, instance:textNG_Project_5_Screenshot.TestClass_1@1fa268de]" started-at="2022-09-24T23:07:37 IST" name="beforeMethod" finished-at="2022-09-24T23:07:38 IST" duration-ms="1178" status="PASS">
          <reporter-output>
          </reporter-output>
        </test-method> <!-- beforeMethod -->
        <test-method signature="testLoginButton()[pri:0, instance:textNG_Project_5_Screenshot.TestClass_1@1fa268de]" started-at="2022-09-24T23:07:38 IST" name="testLoginButton" finished-at="2022-09-24T23:07:38 IST" duration-ms="133" status="PASS">
          <reporter-output>
          </reporter-output>
        </test-method> <!-- testLoginButton -->
        <test-method is-config="true" signature="tearDown(org.testng.ITestResult)[pri:0, instance:textNG_Project_5_Screenshot.TestClass_1@1fa268de]" started-at="2022-09-24T23:07:38 IST" name="tearDown" finished-at="2022-09-24T23:07:40 IST" duration-ms="1506" status="PASS">
          <params>
            <param index="0">
              <value>
                <![CDATA[[TestResult name=testLoginButton status=SUCCESS method=TestClass_1.testLoginButton()[pri:0, instance:textNG_Project_5_Screenshot.TestClass_1@1fa268de] output={null}]]]>
              </value>
            </param>
          </params>
          <reporter-output>
          </reporter-output>
        </test-method> <!-- tearDown -->
        <test-method is-config="true" signature="cleanPOMObject()[pri:0, instance:textNG_Project_5_Screenshot.TestClass_1@1fa268de]" started-at="2022-09-24T23:07:40 IST" name="cleanPOMObject" finished-at="2022-09-24T23:07:40 IST" duration-ms="0" status="PASS">
          <reporter-output>
          </reporter-output>
        </test-method> <!-- cleanPOMObject -->
        <test-method is-config="true" signature="closes()[pri:0, instance:textNG_Project_5_Screenshot.TestClass_1@1fa268de]" started-at="2022-09-24T23:07:42 IST" name="closes" finished-at="2022-09-24T23:07:43 IST" duration-ms="820" status="PASS">
          <reporter-output>
          </reporter-output>
        </test-method> <!-- closes -->
      </class> <!-- textNG_Project_5_Screenshot.TestClass_1 -->
    </test> <!-- Test -->
    <test started-at="2022-09-24T23:07:13 IST" name="3_Test" finished-at="2022-09-24T23:08:03 IST" duration-ms="49991">
      <class name="textNG_Project_5_Screenshot.TestClass_2">
        <test-method is-config="true" signature="launchBrowser(java.lang.String)[pri:0, instance:textNG_Project_5_Screenshot.TestClass_2@42a48628]" started-at="2022-09-24T23:08:03 IST" name="launchBrowser" finished-at="1970-01-01T05:30:00 IST" duration-ms="-1664041083555" status="SKIP">
          <reporter-output>
          </reporter-output>
        </test-method> <!-- launchBrowser -->
        <test-method is-config="true" signature="beforeClass()[pri:0, instance:textNG_Project_5_Screenshot.TestClass_2@42a48628]" started-at="2022-09-24T23:08:03 IST" name="beforeClass" finished-at="1970-01-01T05:30:00 IST" duration-ms="-1664041083607" status="SKIP">
          <reporter-output>
          </reporter-output>
        </test-method> <!-- beforeClass -->
        <test-method is-config="true" signature="beforeMethod()[pri:0, instance:textNG_Project_5_Screenshot.TestClass_2@42a48628]" started-at="2022-09-24T23:08:03 IST" name="beforeMethod" finished-at="1970-01-01T05:30:00 IST" duration-ms="-1664041083612" status="SKIP">
          <reporter-output>
          </reporter-output>
        </test-method> <!-- beforeMethod -->
        <test-method signature="checkAddToCart()[pri:0, instance:textNG_Project_5_Screenshot.TestClass_2@42a48628]" started-at="2022-09-24T23:08:03 IST" name="checkAddToCart" finished-at="2022-09-24T23:08:03 IST" duration-ms="0" status="SKIP">
          <exception class="org.openqa.selenium.WebDriverException">
            <message>
              <![CDATA[unknown error: Opera failed to start: exited normally.
  (chrome not reachable)
  (The process started from opera location C:\Users\Akash\AppData\Local\Programs\Opera\91.0.4516.20\opera.exe is no longer running, so OperaDriver is assuming that Opera has crashed.)
  (Driver info: operadriver=104.0.5112.81 (5b7b76419d50f583022568b6764b630f6ddc9208-refs/branch-heads/5112@{#1309}),platform=Windows NT 10.0.19043 x86_64) (WARNING: The server did not provide any stacktrace information)
Command duration or timeout: 43.28 seconds
Build info: version: '3.141.59', revision: 'e82be7d358', time: '2018-11-14T08:17:03'
System info: host: 'DESKTOP-M7DU299', ip: '192.168.247.217', os.name: 'Windows 10', os.arch: 'amd64', os.version: '10.0', java.version: '18.0.1.1'
Driver info: driver.version: OperaDriver]]>
            </message>
            <full-stacktrace>
              <![CDATA[org.openqa.selenium.WebDriverException: unknown error: Opera failed to start: exited normally.
  (chrome not reachable)
  (The process started from opera location C:\Users\Akash\AppData\Local\Programs\Opera\91.0.4516.20\opera.exe is no longer running, so OperaDriver is assuming that Opera has crashed.)
  (Driver info: operadriver=104.0.5112.81 (5b7b76419d50f583022568b6764b630f6ddc9208-refs/branch-heads/5112@{#1309}),platform=Windows NT 10.0.19043 x86_64) (WARNING: The server did not provide any stacktrace information)
Command duration or timeout: 43.28 seconds
Build info: version: '3.141.59', revision: 'e82be7d358', time: '2018-11-14T08:17:03'
System info: host: 'DESKTOP-M7DU299', ip: '192.168.247.217', os.name: 'Windows 10', os.arch: 'amd64', os.version: '10.0', java.version: '18.0.1.1'
Driver info: driver.version: OperaDriver
at java.base/jdk.internal.reflect.DirectConstructorHandleAccessor.newInstance(DirectConstructorHandleAccessor.java:67)
at java.base/java.lang.reflect.Constructor.newInstanceWithCaller(Constructor.java:499)
at java.base/java.lang.reflect.Constructor.newInstance(Constructor.java:483)
at org.openqa.selenium.remote.ErrorHandler.createThrowable(ErrorHandler.java:214)
at org.openqa.selenium.remote.ErrorHandler.throwIfResponseFailed(ErrorHandler.java:166)
at org.openqa.selenium.remote.JsonWireProtocolResponse.lambda$errorHandler$0(JsonWireProtocolResponse.java:54)
at org.openqa.selenium.remote.HandshakeResponse.lambda$getResponseFunction$0(HandshakeResponse.java:30)
at org.openqa.selenium.remote.ProtocolHandshake.lambda$createSession$0(ProtocolHandshake.java:126)
at java.base/java.util.stream.ReferencePipeline$3$1.accept(ReferencePipeline.java:197)
at java.base/java.util.Spliterators$ArraySpliterator.tryAdvance(Spliterators.java:1002)
at java.base/java.util.stream.ReferencePipeline.forEachWithCancel(ReferencePipeline.java:129)
at java.base/java.util.stream.AbstractPipeline.copyIntoWithCancel(AbstractPipeline.java:527)
at java.base/java.util.stream.AbstractPipeline.copyInto(AbstractPipeline.java:513)
at java.base/java.util.stream.AbstractPipeline.wrapAndCopyInto(AbstractPipeline.java:499)
at java.base/java.util.stream.FindOps$FindOp.evaluateSequential(FindOps.java:150)
at java.base/java.util.stream.AbstractPipeline.evaluate(AbstractPipeline.java:234)
at java.base/java.util.stream.ReferencePipeline.findFirst(ReferencePipeline.java:647)
at org.openqa.selenium.remote.ProtocolHandshake.createSession(ProtocolHandshake.java:128)
at org.openqa.selenium.remote.ProtocolHandshake.createSession(ProtocolHandshake.java:74)
at org.openqa.selenium.remote.HttpCommandExecutor.execute(HttpCommandExecutor.java:136)
at org.openqa.selenium.remote.service.DriverCommandExecutor.execute(DriverCommandExecutor.java:83)
at org.openqa.selenium.remote.RemoteWebDriver.execute(RemoteWebDriver.java:552)
at org.openqa.selenium.remote.RemoteWebDriver.startSession(RemoteWebDriver.java:213)
at org.openqa.selenium.remote.RemoteWebDriver.<init>(RemoteWebDriver.java:131)
at org.openqa.selenium.opera.OperaDriver.<init>(OperaDriver.java:173)
at org.openqa.selenium.opera.OperaDriver.<init>(OperaDriver.java:160)
at org.openqa.selenium.opera.OperaDriver.<init>(OperaDriver.java:115)
at setup.Base.launchOperaBrowser(Base.java:28)
at textNG_Project_5_Screenshot.TestClass_1.launchBrowser(TestClass_1.java:42)
at java.base/jdk.internal.reflect.DirectMethodHandleAccessor.invoke(DirectMethodHandleAccessor.java:104)
at java.base/java.lang.reflect.Method.invoke(Method.java:577)
at org.testng.internal.MethodInvocationHelper.invokeMethod(MethodInvocationHelper.java:133)
at org.testng.internal.MethodInvocationHelper.invokeMethodConsideringTimeout(MethodInvocationHelper.java:62)
at org.testng.internal.ConfigInvoker.invokeConfigurationMethod(ConfigInvoker.java:385)
at org.testng.internal.ConfigInvoker.invokeConfigurations(ConfigInvoker.java:321)
at org.testng.TestRunner.invokeTestConfigurations(TestRunner.java:637)
at org.testng.TestRunner.beforeRun(TestRunner.java:627)
at org.testng.TestRunner.run(TestRunner.java:589)
at org.testng.SuiteRunner.runTest(SuiteRunner.java:377)
at org.testng.SuiteRunner.access$000(SuiteRunner.java:28)
at org.testng.SuiteRunner$SuiteWorker.run(SuiteRunner.java:418)
at org.testng.internal.thread.ThreadUtil.lambda$execute$0(ThreadUtil.java:64)
at java.base/java.util.concurrent.FutureTask.run(FutureTask.java:264)
at java.base/java.util.concurrent.ThreadPoolExecutor.runWorker(ThreadPoolExecutor.java:1136)
at java.base/java.util.concurrent.ThreadPoolExecutor$Worker.run(ThreadPoolExecutor.java:635)
at java.base/java.lang.Thread.run(Thread.java:833)
]]>
            </full-stacktrace>
          </exception> <!-- org.openqa.selenium.WebDriverException -->
          <reporter-output>
          </reporter-output>
        </test-method> <!-- checkAddToCart -->
        <test-method is-config="true" signature="tearDown(org.testng.ITestResult)[pri:0, instance:textNG_Project_5_Screenshot.TestClass_2@42a48628]" started-at="2022-09-24T23:08:03 IST" name="tearDown" finished-at="1970-01-01T05:30:00 IST" duration-ms="-1664041083617" status="SKIP">
          <reporter-output>
          </reporter-output>
        </test-method> <!-- tearDown -->
        <test-method is-config="true" signature="cleanPOMObject()[pri:0, instance:textNG_Project_5_Screenshot.TestClass_2@42a48628]" started-at="2022-09-24T23:08:03 IST" name="cleanPOMObject" finished-at="1970-01-01T05:30:00 IST" duration-ms="-1664041083619" status="SKIP">
          <reporter-output>
          </reporter-output>
        </test-method> <!-- cleanPOMObject -->
        <test-method is-config="true" signature="closes()[pri:0, instance:textNG_Project_5_Screenshot.TestClass_2@42a48628]" started-at="2022-09-24T23:08:03 IST" name="closes" finished-at="1970-01-01T05:30:00 IST" duration-ms="-1664041083627" status="SKIP">
          <reporter-output>
          </reporter-output>
        </test-method> <!-- closes -->
      </class> <!-- textNG_Project_5_Screenshot.TestClass_2 -->
      <class name="textNG_Project_5_Screenshot.TestClass_1">
        <test-method is-config="true" signature="launchBrowser(java.lang.String)[pri:0, instance:textNG_Project_5_Screenshot.TestClass_1@130d63be]" started-at="2022-09-24T23:07:13 IST" name="launchBrowser" finished-at="2022-09-24T23:08:03 IST" duration-ms="49893" status="FAIL">
          <params>
            <param index="0">
              <value>
                <![CDATA[Opera]]>
              </value>
            </param>
          </params>
          <exception class="org.openqa.selenium.WebDriverException">
            <message>
              <![CDATA[unknown error: Opera failed to start: exited normally.
  (chrome not reachable)
  (The process started from opera location C:\Users\Akash\AppData\Local\Programs\Opera\91.0.4516.20\opera.exe is no longer running, so OperaDriver is assuming that Opera has crashed.)
  (Driver info: operadriver=104.0.5112.81 (5b7b76419d50f583022568b6764b630f6ddc9208-refs/branch-heads/5112@{#1309}),platform=Windows NT 10.0.19043 x86_64) (WARNING: The server did not provide any stacktrace information)
Command duration or timeout: 43.28 seconds
Build info: version: '3.141.59', revision: 'e82be7d358', time: '2018-11-14T08:17:03'
System info: host: 'DESKTOP-M7DU299', ip: '192.168.247.217', os.name: 'Windows 10', os.arch: 'amd64', os.version: '10.0', java.version: '18.0.1.1'
Driver info: driver.version: OperaDriver]]>
            </message>
            <full-stacktrace>
              <![CDATA[org.openqa.selenium.WebDriverException: unknown error: Opera failed to start: exited normally.
  (chrome not reachable)
  (The process started from opera location C:\Users\Akash\AppData\Local\Programs\Opera\91.0.4516.20\opera.exe is no longer running, so OperaDriver is assuming that Opera has crashed.)
  (Driver info: operadriver=104.0.5112.81 (5b7b76419d50f583022568b6764b630f6ddc9208-refs/branch-heads/5112@{#1309}),platform=Windows NT 10.0.19043 x86_64) (WARNING: The server did not provide any stacktrace information)
Command duration or timeout: 43.28 seconds
Build info: version: '3.141.59', revision: 'e82be7d358', time: '2018-11-14T08:17:03'
System info: host: 'DESKTOP-M7DU299', ip: '192.168.247.217', os.name: 'Windows 10', os.arch: 'amd64', os.version: '10.0', java.version: '18.0.1.1'
Driver info: driver.version: OperaDriver
at java.base/jdk.internal.reflect.DirectConstructorHandleAccessor.newInstance(DirectConstructorHandleAccessor.java:67)
at java.base/java.lang.reflect.Constructor.newInstanceWithCaller(Constructor.java:499)
at java.base/java.lang.reflect.Constructor.newInstance(Constructor.java:483)
at org.openqa.selenium.remote.ErrorHandler.createThrowable(ErrorHandler.java:214)
at org.openqa.selenium.remote.ErrorHandler.throwIfResponseFailed(ErrorHandler.java:166)
at org.openqa.selenium.remote.JsonWireProtocolResponse.lambda$errorHandler$0(JsonWireProtocolResponse.java:54)
at org.openqa.selenium.remote.HandshakeResponse.lambda$getResponseFunction$0(HandshakeResponse.java:30)
at org.openqa.selenium.remote.ProtocolHandshake.lambda$createSession$0(ProtocolHandshake.java:126)
at java.base/java.util.stream.ReferencePipeline$3$1.accept(ReferencePipeline.java:197)
at java.base/java.util.Spliterators$ArraySpliterator.tryAdvance(Spliterators.java:1002)
at java.base/java.util.stream.ReferencePipeline.forEachWithCancel(ReferencePipeline.java:129)
at java.base/java.util.stream.AbstractPipeline.copyIntoWithCancel(AbstractPipeline.java:527)
at java.base/java.util.stream.AbstractPipeline.copyInto(AbstractPipeline.java:513)
at java.base/java.util.stream.AbstractPipeline.wrapAndCopyInto(AbstractPipeline.java:499)
at java.base/java.util.stream.FindOps$FindOp.evaluateSequential(FindOps.java:150)
at java.base/java.util.stream.AbstractPipeline.evaluate(AbstractPipeline.java:234)
at java.base/java.util.stream.ReferencePipeline.findFirst(ReferencePipeline.java:647)
at org.openqa.selenium.remote.ProtocolHandshake.createSession(ProtocolHandshake.java:128)
at org.openqa.selenium.remote.ProtocolHandshake.createSession(ProtocolHandshake.java:74)
at org.openqa.selenium.remote.HttpCommandExecutor.execute(HttpCommandExecutor.java:136)
at org.openqa.selenium.remote.service.DriverCommandExecutor.execute(DriverCommandExecutor.java:83)
at org.openqa.selenium.remote.RemoteWebDriver.execute(RemoteWebDriver.java:552)
at org.openqa.selenium.remote.RemoteWebDriver.startSession(RemoteWebDriver.java:213)
at org.openqa.selenium.remote.RemoteWebDriver.<init>(RemoteWebDriver.java:131)
at org.openqa.selenium.opera.OperaDriver.<init>(OperaDriver.java:173)
at org.openqa.selenium.opera.OperaDriver.<init>(OperaDriver.java:160)
at org.openqa.selenium.opera.OperaDriver.<init>(OperaDriver.java:115)
at setup.Base.launchOperaBrowser(Base.java:28)
at textNG_Project_5_Screenshot.TestClass_1.launchBrowser(TestClass_1.java:42)
at java.base/jdk.internal.reflect.DirectMethodHandleAccessor.invoke(DirectMethodHandleAccessor.java:104)
at java.base/java.lang.reflect.Method.invoke(Method.java:577)
at org.testng.internal.MethodInvocationHelper.invokeMethod(MethodInvocationHelper.java:133)
at org.testng.internal.MethodInvocationHelper.invokeMethodConsideringTimeout(MethodInvocationHelper.java:62)
at org.testng.internal.ConfigInvoker.invokeConfigurationMethod(ConfigInvoker.java:385)
at org.testng.internal.ConfigInvoker.invokeConfigurations(ConfigInvoker.java:321)
at org.testng.TestRunner.invokeTestConfigurations(TestRunner.java:637)
at org.testng.TestRunner.beforeRun(TestRunner.java:627)
at org.testng.TestRunner.run(TestRunner.java:589)
at org.testng.SuiteRunner.runTest(SuiteRunner.java:377)
at org.testng.SuiteRunner.access$000(SuiteRunner.java:28)
at org.testng.SuiteRunner$SuiteWorker.run(SuiteRunner.java:418)
at org.testng.internal.thread.ThreadUtil.lambda$execute$0(ThreadUtil.java:64)
at java.base/java.util.concurrent.FutureTask.run(FutureTask.java:264)
at java.base/java.util.concurrent.ThreadPoolExecutor.runWorker(ThreadPoolExecutor.java:1136)
at java.base/java.util.concurrent.ThreadPoolExecutor$Worker.run(ThreadPoolExecutor.java:635)
at java.base/java.lang.Thread.run(Thread.java:833)
]]>
            </full-stacktrace>
          </exception> <!-- org.openqa.selenium.WebDriverException -->
          <reporter-output>
          </reporter-output>
        </test-method> <!-- launchBrowser -->
        <test-method is-config="true" signature="beforeClass()[pri:0, instance:textNG_Project_5_Screenshot.TestClass_1@130d63be]" started-at="2022-09-24T23:08:03 IST" name="beforeClass" finished-at="1970-01-01T05:30:00 IST" duration-ms="-1664041083565" status="SKIP">
          <reporter-output>
          </reporter-output>
        </test-method> <!-- beforeClass -->
        <test-method is-config="true" signature="beforeMethod()[pri:0, instance:textNG_Project_5_Screenshot.TestClass_1@130d63be]" started-at="2022-09-24T23:08:03 IST" name="beforeMethod" finished-at="1970-01-01T05:30:00 IST" duration-ms="-1664041083575" status="SKIP">
          <reporter-output>
          </reporter-output>
        </test-method> <!-- beforeMethod -->
        <test-method signature="testLoginButton()[pri:0, instance:textNG_Project_5_Screenshot.TestClass_1@130d63be]" started-at="2022-09-24T23:08:03 IST" name="testLoginButton" finished-at="2022-09-24T23:08:03 IST" duration-ms="0" status="SKIP">
          <exception class="org.openqa.selenium.WebDriverException">
            <message>
              <![CDATA[unknown error: Opera failed to start: exited normally.
  (chrome not reachable)
  (The process started from opera location C:\Users\Akash\AppData\Local\Programs\Opera\91.0.4516.20\opera.exe is no longer running, so OperaDriver is assuming that Opera has crashed.)
  (Driver info: operadriver=104.0.5112.81 (5b7b76419d50f583022568b6764b630f6ddc9208-refs/branch-heads/5112@{#1309}),platform=Windows NT 10.0.19043 x86_64) (WARNING: The server did not provide any stacktrace information)
Command duration or timeout: 43.28 seconds
Build info: version: '3.141.59', revision: 'e82be7d358', time: '2018-11-14T08:17:03'
System info: host: 'DESKTOP-M7DU299', ip: '192.168.247.217', os.name: 'Windows 10', os.arch: 'amd64', os.version: '10.0', java.version: '18.0.1.1'
Driver info: driver.version: OperaDriver]]>
            </message>
            <full-stacktrace>
              <![CDATA[org.openqa.selenium.WebDriverException: unknown error: Opera failed to start: exited normally.
  (chrome not reachable)
  (The process started from opera location C:\Users\Akash\AppData\Local\Programs\Opera\91.0.4516.20\opera.exe is no longer running, so OperaDriver is assuming that Opera has crashed.)
  (Driver info: operadriver=104.0.5112.81 (5b7b76419d50f583022568b6764b630f6ddc9208-refs/branch-heads/5112@{#1309}),platform=Windows NT 10.0.19043 x86_64) (WARNING: The server did not provide any stacktrace information)
Command duration or timeout: 43.28 seconds
Build info: version: '3.141.59', revision: 'e82be7d358', time: '2018-11-14T08:17:03'
System info: host: 'DESKTOP-M7DU299', ip: '192.168.247.217', os.name: 'Windows 10', os.arch: 'amd64', os.version: '10.0', java.version: '18.0.1.1'
Driver info: driver.version: OperaDriver
at java.base/jdk.internal.reflect.DirectConstructorHandleAccessor.newInstance(DirectConstructorHandleAccessor.java:67)
at java.base/java.lang.reflect.Constructor.newInstanceWithCaller(Constructor.java:499)
at java.base/java.lang.reflect.Constructor.newInstance(Constructor.java:483)
at org.openqa.selenium.remote.ErrorHandler.createThrowable(ErrorHandler.java:214)
at org.openqa.selenium.remote.ErrorHandler.throwIfResponseFailed(ErrorHandler.java:166)
at org.openqa.selenium.remote.JsonWireProtocolResponse.lambda$errorHandler$0(JsonWireProtocolResponse.java:54)
at org.openqa.selenium.remote.HandshakeResponse.lambda$getResponseFunction$0(HandshakeResponse.java:30)
at org.openqa.selenium.remote.ProtocolHandshake.lambda$createSession$0(ProtocolHandshake.java:126)
at java.base/java.util.stream.ReferencePipeline$3$1.accept(ReferencePipeline.java:197)
at java.base/java.util.Spliterators$ArraySpliterator.tryAdvance(Spliterators.java:1002)
at java.base/java.util.stream.ReferencePipeline.forEachWithCancel(ReferencePipeline.java:129)
at java.base/java.util.stream.AbstractPipeline.copyIntoWithCancel(AbstractPipeline.java:527)
at java.base/java.util.stream.AbstractPipeline.copyInto(AbstractPipeline.java:513)
at java.base/java.util.stream.AbstractPipeline.wrapAndCopyInto(AbstractPipeline.java:499)
at java.base/java.util.stream.FindOps$FindOp.evaluateSequential(FindOps.java:150)
at java.base/java.util.stream.AbstractPipeline.evaluate(AbstractPipeline.java:234)
at java.base/java.util.stream.ReferencePipeline.findFirst(ReferencePipeline.java:647)
at org.openqa.selenium.remote.ProtocolHandshake.createSession(ProtocolHandshake.java:128)
at org.openqa.selenium.remote.ProtocolHandshake.createSession(ProtocolHandshake.java:74)
at org.openqa.selenium.remote.HttpCommandExecutor.execute(HttpCommandExecutor.java:136)
at org.openqa.selenium.remote.service.DriverCommandExecutor.execute(DriverCommandExecutor.java:83)
at org.openqa.selenium.remote.RemoteWebDriver.execute(RemoteWebDriver.java:552)
at org.openqa.selenium.remote.RemoteWebDriver.startSession(RemoteWebDriver.java:213)
at org.openqa.selenium.remote.RemoteWebDriver.<init>(RemoteWebDriver.java:131)
at org.openqa.selenium.opera.OperaDriver.<init>(OperaDriver.java:173)
at org.openqa.selenium.opera.OperaDriver.<init>(OperaDriver.java:160)
at org.openqa.selenium.opera.OperaDriver.<init>(OperaDriver.java:115)
at setup.Base.launchOperaBrowser(Base.java:28)
at textNG_Project_5_Screenshot.TestClass_1.launchBrowser(TestClass_1.java:42)
at java.base/jdk.internal.reflect.DirectMethodHandleAccessor.invoke(DirectMethodHandleAccessor.java:104)
at java.base/java.lang.reflect.Method.invoke(Method.java:577)
at org.testng.internal.MethodInvocationHelper.invokeMethod(MethodInvocationHelper.java:133)
at org.testng.internal.MethodInvocationHelper.invokeMethodConsideringTimeout(MethodInvocationHelper.java:62)
at org.testng.internal.ConfigInvoker.invokeConfigurationMethod(ConfigInvoker.java:385)
at org.testng.internal.ConfigInvoker.invokeConfigurations(ConfigInvoker.java:321)
at org.testng.TestRunner.invokeTestConfigurations(TestRunner.java:637)
at org.testng.TestRunner.beforeRun(TestRunner.java:627)
at org.testng.TestRunner.run(TestRunner.java:589)
at org.testng.SuiteRunner.runTest(SuiteRunner.java:377)
at org.testng.SuiteRunner.access$000(SuiteRunner.java:28)
at org.testng.SuiteRunner$SuiteWorker.run(SuiteRunner.java:418)
at org.testng.internal.thread.ThreadUtil.lambda$execute$0(ThreadUtil.java:64)
at java.base/java.util.concurrent.FutureTask.run(FutureTask.java:264)
at java.base/java.util.concurrent.ThreadPoolExecutor.runWorker(ThreadPoolExecutor.java:1136)
at java.base/java.util.concurrent.ThreadPoolExecutor$Worker.run(ThreadPoolExecutor.java:635)
at java.base/java.lang.Thread.run(Thread.java:833)
]]>
            </full-stacktrace>
          </exception> <!-- org.openqa.selenium.WebDriverException -->
          <reporter-output>
          </reporter-output>
        </test-method> <!-- testLoginButton -->
        <test-method is-config="true" signature="tearDown(org.testng.ITestResult)[pri:0, instance:textNG_Project_5_Screenshot.TestClass_1@130d63be]" started-at="2022-09-24T23:08:03 IST" name="tearDown" finished-at="1970-01-01T05:30:00 IST" duration-ms="-1664041083600" status="SKIP">
          <reporter-output>
          </reporter-output>
        </test-method> <!-- tearDown -->
        <test-method is-config="true" signature="cleanPOMObject()[pri:0, instance:textNG_Project_5_Screenshot.TestClass_1@130d63be]" started-at="2022-09-24T23:08:03 IST" name="cleanPOMObject" finished-at="1970-01-01T05:30:00 IST" duration-ms="-1664041083604" status="SKIP">
          <reporter-output>
          </reporter-output>
        </test-method> <!-- cleanPOMObject -->
        <test-method is-config="true" signature="closes()[pri:0, instance:textNG_Project_5_Screenshot.TestClass_1@130d63be]" started-at="2022-09-24T23:08:03 IST" name="closes" finished-at="1970-01-01T05:30:00 IST" duration-ms="-1664041083622" status="SKIP">
          <reporter-output>
          </reporter-output>
        </test-method> <!-- closes -->
      </class> <!-- textNG_Project_5_Screenshot.TestClass_1 -->
    </test> <!-- 3_Test -->
  </suite> <!-- Suite -->
</testng-results>
