<?xml version="1.0" encoding="UTF-8"?>
<!-- Generated by org.testng.reporters.JUnitXMLReporter -->
<testsuite ignored="0" hostname="DESKTOP-M7DU299" failures="0" tests="4" name="3_Test_Opera" time="50.658" errors="0" timestamp="2022-09-23T17:15:47 IST">
  <testcase classname="textNG_Project_4_SauceDemo.copy.TestClass_1" name="@BeforeTest launchBrowser" time="50.525">
    <failure type="org.openqa.selenium.WebDriverException" message="unknown error: Opera failed to start: exited normally.
  (chrome not reachable)
  (The process started from opera location C:\Users\Akash\AppData\Local\Programs\Opera\91.0.4516.20\opera.exe is no longer running, so OperaDriver is assuming that Opera has crashed.)
  (Driver info: operadriver=104.0.5112.81 (5b7b76419d50f583022568b6764b630f6ddc9208-refs/branch-heads/5112@{#1309}),platform=Windows NT 10.0.19043 x86_64) (WARNING: The server did not provide any stacktrace information)
Command duration or timeout: 49.46 seconds
Build info: version: &amp;apos;3.141.59&amp;apos;, revision: &amp;apos;e82be7d358&amp;apos;, time: &amp;apos;2018-11-14T08:17:03&amp;apos;
System info: host: &amp;apos;DESKTOP-M7DU299&amp;apos;, ip: &amp;apos;192.168.137.1&amp;apos;, os.name: &amp;apos;Windows 10&amp;apos;, os.arch: &amp;apos;amd64&amp;apos;, os.version: &amp;apos;10.0&amp;apos;, java.version: &amp;apos;18.0.1.1&amp;apos;
Driver info: driver.version: OperaDriver">
      <![CDATA[org.openqa.selenium.WebDriverException: unknown error: Opera failed to start: exited normally.
  (chrome not reachable)
  (The process started from opera location C:\Users\Akash\AppData\Local\Programs\Opera\91.0.4516.20\opera.exe is no longer running, so OperaDriver is assuming that Opera has crashed.)
  (Driver info: operadriver=104.0.5112.81 (5b7b76419d50f583022568b6764b630f6ddc9208-refs/branch-heads/5112@{#1309}),platform=Windows NT 10.0.19043 x86_64) (WARNING: The server did not provide any stacktrace information)
Command duration or timeout: 49.46 seconds
Build info: version: '3.141.59', revision: 'e82be7d358', time: '2018-11-14T08:17:03'
System info: host: 'DESKTOP-M7DU299', ip: '192.168.137.1', os.name: 'Windows 10', os.arch: 'amd64', os.version: '10.0', java.version: '18.0.1.1'
Driver info: driver.version: OperaDriver
at org.openqa.selenium.remote.ErrorHandler.createThrowable(ErrorHandler.java:214)
at org.openqa.selenium.remote.ErrorHandler.throwIfResponseFailed(ErrorHandler.java:166)
at org.openqa.selenium.remote.JsonWireProtocolResponse.lambda$errorHandler$0(JsonWireProtocolResponse.java:54)
at org.openqa.selenium.remote.HandshakeResponse.lambda$getResponseFunction$0(HandshakeResponse.java:30)
at org.openqa.selenium.remote.ProtocolHandshake.lambda$createSession$0(ProtocolHandshake.java:126)
at java.base/java.util.stream.ReferencePipeline$3$1.accept(ReferencePipeline.java:197)
at java.base/java.util.Spliterators$ArraySpliterator.tryAdvance(Spliterators.java:1002)
at java.base/java.util.stream.ReferencePipeline.forEachWithCancel(ReferencePipeline.java:129)
at java.base/java.util.stream.AbstractPipeline.copyIntoWithCancel(AbstractPipeline.java:527)
at java.base/java.util.stream.AbstractPipeline.copyInto(AbstractPipeline.java:513)
at java.base/java.util.stream.AbstractPipeline.wrapAndCopyInto(AbstractPipeline.java:499)
at java.base/java.util.stream.FindOps$FindOp.evaluateSequential(FindOps.java:150)
at java.base/java.util.stream.AbstractPipeline.evaluate(AbstractPipeline.java:234)
at java.base/java.util.stream.ReferencePipeline.findFirst(ReferencePipeline.java:647)
at org.openqa.selenium.remote.ProtocolHandshake.createSession(ProtocolHandshake.java:128)
at org.openqa.selenium.remote.ProtocolHandshake.createSession(ProtocolHandshake.java:74)
at org.openqa.selenium.remote.HttpCommandExecutor.execute(HttpCommandExecutor.java:136)
at org.openqa.selenium.remote.service.DriverCommandExecutor.execute(DriverCommandExecutor.java:83)
at org.openqa.selenium.remote.RemoteWebDriver.execute(RemoteWebDriver.java:552)
at org.openqa.selenium.remote.RemoteWebDriver.startSession(RemoteWebDriver.java:213)
at org.openqa.selenium.remote.RemoteWebDriver.<init>(RemoteWebDriver.java:131)
at org.openqa.selenium.opera.OperaDriver.<init>(OperaDriver.java:173)
at org.openqa.selenium.opera.OperaDriver.<init>(OperaDriver.java:160)
at org.openqa.selenium.opera.OperaDriver.<init>(OperaDriver.java:115)
at textNG_Project_4_SauceDemo.copy.TestClass_1.launchBrowser(TestClass_1.java:42)
at java.base/java.util.concurrent.FutureTask.run(FutureTask.java:264)
at java.base/java.util.concurrent.ThreadPoolExecutor.runWorker(ThreadPoolExecutor.java:1136)
at java.base/java.util.concurrent.ThreadPoolExecutor$Worker.run(ThreadPoolExecutor.java:635)
at java.base/java.lang.Thread.run(Thread.java:833)
... Removed 16 stack frames]]>
    </failure>
  </testcase> <!-- @BeforeTest launchBrowser -->
  <testcase classname="textNG_Project_4_SauceDemo.copy.TestClass_2" name="@BeforeTest launchBrowser" time="-1.663933547809E9">
    <skipped/>
  </testcase> <!-- @BeforeTest launchBrowser -->
  <testcase classname="textNG_Project_4_SauceDemo.copy.TestClass_3" name="@BeforeTest launchBrowser" time="-1.663933547816E9">
    <skipped/>
  </testcase> <!-- @BeforeTest launchBrowser -->
  <testcase classname="textNG_Project_4_SauceDemo.copy.TestClass_4" name="@BeforeTest launchBrowser" time="-1.663933547821E9">
    <skipped/>
  </testcase> <!-- @BeforeTest launchBrowser -->
  <testcase classname="textNG_Project_4_SauceDemo.copy.TestClass_1" name="@BeforeClass beforeClass" time="-1.663933547823E9">
    <skipped/>
  </testcase> <!-- @BeforeClass beforeClass -->
  <testcase classname="textNG_Project_4_SauceDemo.copy.TestClass_1" name="@BeforeMethod beforeMethod" time="-1.663933547825E9">
    <skipped/>
  </testcase> <!-- @BeforeMethod beforeMethod -->
  <testcase classname="textNG_Project_4_SauceDemo.copy.TestClass_1" name="@AfterClass cleanPOMObject" time="-1.663933547833E9">
    <skipped/>
  </testcase> <!-- @AfterClass cleanPOMObject -->
  <testcase classname="textNG_Project_4_SauceDemo.copy.TestClass_2" name="@BeforeClass beforeClass" time="-1.663933547837E9">
    <skipped/>
  </testcase> <!-- @BeforeClass beforeClass -->
  <testcase classname="textNG_Project_4_SauceDemo.copy.TestClass_2" name="@BeforeMethod beforeMethod" time="-1.663933547846E9">
    <skipped/>
  </testcase> <!-- @BeforeMethod beforeMethod -->
  <testcase classname="textNG_Project_4_SauceDemo.copy.TestClass_2" name="@AfterClass cleanPOMObject" time="-1.663933547869E9">
    <skipped/>
  </testcase> <!-- @AfterClass cleanPOMObject -->
  <testcase classname="textNG_Project_4_SauceDemo.copy.TestClass_3" name="@BeforeClass beforeClass" time="-1.663933547875E9">
    <skipped/>
  </testcase> <!-- @BeforeClass beforeClass -->
  <testcase classname="textNG_Project_4_SauceDemo.copy.TestClass_3" name="@BeforeMethod beforeMethod" time="-1.663933547877E9">
    <skipped/>
  </testcase> <!-- @BeforeMethod beforeMethod -->
  <testcase classname="textNG_Project_4_SauceDemo.copy.TestClass_3" name="@AfterClass cleanPOMObject" time="-1.663933547884E9">
    <skipped/>
  </testcase> <!-- @AfterClass cleanPOMObject -->
  <testcase classname="textNG_Project_4_SauceDemo.copy.TestClass_4" name="@BeforeClass beforeClass" time="-1.663933547887E9">
    <skipped/>
  </testcase> <!-- @BeforeClass beforeClass -->
  <testcase classname="textNG_Project_4_SauceDemo.copy.TestClass_4" name="@BeforeMethod beforeMethod" time="-1.663933547889E9">
    <skipped/>
  </testcase> <!-- @BeforeMethod beforeMethod -->
  <testcase classname="textNG_Project_4_SauceDemo.copy.TestClass_4" name="@AfterClass cleanPOMObject" time="-1.663933547894E9">
    <skipped/>
  </testcase> <!-- @AfterClass cleanPOMObject -->
  <testcase classname="textNG_Project_4_SauceDemo.copy.TestClass_1" name="@AfterTest close" time="-1.663933547895E9">
    <skipped/>
  </testcase> <!-- @AfterTest close -->
  <testcase classname="textNG_Project_4_SauceDemo.copy.TestClass_2" name="@AfterTest close" time="-1.663933547898E9">
    <skipped/>
  </testcase> <!-- @AfterTest close -->
  <testcase classname="textNG_Project_4_SauceDemo.copy.TestClass_3" name="@AfterTest close" time="-1.663933547901E9">
    <skipped/>
  </testcase> <!-- @AfterTest close -->
  <testcase classname="textNG_Project_4_SauceDemo.copy.TestClass_4" name="@AfterTest close" time="-1.663933547905E9">
    <skipped/>
  </testcase> <!-- @AfterTest close -->
  <testcase classname="textNG_Project_4_SauceDemo.copy.TestClass_1" name="testLoginButton" time="0.0">
    <skipped/>
  </testcase> <!-- testLoginButton -->
  <testcase classname="textNG_Project_4_SauceDemo.copy.TestClass_2" name="checkAddToCart" time="0.0">
    <skipped/>
  </testcase> <!-- checkAddToCart -->
  <testcase classname="textNG_Project_4_SauceDemo.copy.TestClass_3" name="checkAddToCart" time="0.0">
    <skipped/>
  </testcase> <!-- checkAddToCart -->
  <testcase classname="textNG_Project_4_SauceDemo.copy.TestClass_4" name="checkAddToCart" time="0.0">
    <skipped/>
  </testcase> <!-- checkAddToCart -->
</testsuite> <!-- 3_Test_Opera -->
